  [1m[35m (1.1ms)[0m  [1m[34mSELECT pg_try_advisory_lock(723150122408807205)[0m
  ↳ bin/rails:9
  [1m[35m (4.0ms)[0m  [1m[34mSELECT "schema_migrations"."version" FROM "schema_migrations" ORDER BY "schema_migrations"."version" ASC[0m
  ↳ bin/rails:9
Migrating to CreateCats (20220311183918)
  [1m[35m (0.3ms)[0m  [1m[35mBEGIN[0m
  ↳ bin/rails:9
  [1m[35m (27.0ms)[0m  [1m[35mCREATE TABLE "cats" ("id" bigserial primary key, "birth_date" date NOT NULL, "color" character varying NOT NULL, "name" character varying NOT NULL, "sex" character varying(1) NOT NULL, "description" text NOT NULL, "created_at" timestamp NOT NULL, "updated_at" timestamp NOT NULL)[0m
  ↳ db/migrate/20220311183918_create_cats.rb:3
  [1m[35m (0.2ms)[0m  [1m[31mROLLBACK[0m
  ↳ bin/rails:9
  [1m[35m (1.4ms)[0m  [1m[34mSELECT pg_advisory_unlock(723150122408807205)[0m
  ↳ bin/rails:9
  [1m[35m (1.3ms)[0m  [1m[34mSELECT "schema_migrations"."version" FROM "schema_migrations" ORDER BY "schema_migrations"."version" ASC[0m
  ↳ bin/rails:9
  [1m[35m (4.4ms)[0m  [1m[34mSELECT "ar_internal_metadata"."value" FROM "ar_internal_metadata" WHERE "ar_internal_metadata"."key" = $1[0m  [["key", "environment"]]
  ↳ bin/rails:9
  [1m[35m (0.4ms)[0m  [1m[34mSELECT "schema_migrations"."version" FROM "schema_migrations" ORDER BY "schema_migrations"."version" ASC[0m
  ↳ bin/rails:9
  [1m[35m (0.3ms)[0m  [1m[34mSELECT "ar_internal_metadata"."value" FROM "ar_internal_metadata" WHERE "ar_internal_metadata"."key" = $1[0m  [["key", "environment"]]
  ↳ bin/rails:9
  [1m[35m (0.3ms)[0m  [1m[34mSELECT "schema_migrations"."version" FROM "schema_migrations" ORDER BY "schema_migrations"."version" ASC[0m
  ↳ bin/rails:9
  [1m[35m (0.3ms)[0m  [1m[34mSELECT "ar_internal_metadata"."value" FROM "ar_internal_metadata" WHERE "ar_internal_metadata"."key" = $1[0m  [["key", "environment"]]
  ↳ bin/rails:9
  [1m[35m (44.1ms)[0m  [1m[35mDROP DATABASE IF EXISTS "ninety_nine_cats_development"[0m
  ↳ bin/rails:9
  [1m[35m (50.6ms)[0m  [1m[35mDROP DATABASE IF EXISTS "ninety_nine_cats_test"[0m
  ↳ bin/rails:9
  [1m[35m (255.9ms)[0m  [1m[35mCREATE DATABASE "ninety_nine_cats_development" ENCODING = 'unicode'[0m
  ↳ bin/rails:9
  [1m[35m (92.0ms)[0m  [1m[35mCREATE DATABASE "ninety_nine_cats_test" ENCODING = 'unicode'[0m
  ↳ bin/rails:9
  [1m[35m (15.9ms)[0m  [1m[35mCREATE TABLE "schema_migrations" ("version" character varying NOT NULL PRIMARY KEY)[0m
  ↳ bin/rails:9
  [1m[35m (10.3ms)[0m  [1m[35mCREATE TABLE "ar_internal_metadata" ("key" character varying NOT NULL PRIMARY KEY, "value" character varying, "created_at" timestamp NOT NULL, "updated_at" timestamp NOT NULL)[0m
  ↳ bin/rails:9
  [1m[35m (0.3ms)[0m  [1m[34mSELECT pg_try_advisory_lock(723150122408807205)[0m
  ↳ bin/rails:9
  [1m[35m (0.9ms)[0m  [1m[34mSELECT "schema_migrations"."version" FROM "schema_migrations" ORDER BY "schema_migrations"."version" ASC[0m
  ↳ bin/rails:9
Migrating to CreateCats (20220311183918)
  [1m[35m (0.2ms)[0m  [1m[35mBEGIN[0m
  ↳ bin/rails:9
  [1m[35m (16.6ms)[0m  [1m[35mCREATE TABLE "cats" ("id" bigserial primary key, "birth_date" date NOT NULL, "color" character varying NOT NULL, "name" character varying NOT NULL, "sex" character varying(1) NOT NULL, "description" text NOT NULL, "created_at" timestamp NOT NULL, "updated_at" timestamp NOT NULL)[0m
  ↳ db/migrate/20220311183918_create_cats.rb:3
  [1m[36mActiveRecord::SchemaMigration Create (2.6ms)[0m  [1m[32mINSERT INTO "schema_migrations" ("version") VALUES ($1) RETURNING "version"[0m  [["version", "20220311183918"]]
  ↳ bin/rails:9
  [1m[35m (4.2ms)[0m  [1m[35mCOMMIT[0m
  ↳ bin/rails:9
  [1m[36mActiveRecord::InternalMetadata Load (0.9ms)[0m  [1m[34mSELECT  "ar_internal_metadata".* FROM "ar_internal_metadata" WHERE "ar_internal_metadata"."key" = $1 LIMIT $2[0m  [["key", "environment"], ["LIMIT", 1]]
  ↳ bin/rails:9
  [1m[35m (0.2ms)[0m  [1m[35mBEGIN[0m
  ↳ bin/rails:9
  [1m[36mActiveRecord::InternalMetadata Create (2.7ms)[0m  [1m[32mINSERT INTO "ar_internal_metadata" ("key", "value", "created_at", "updated_at") VALUES ($1, $2, $3, $4) RETURNING "key"[0m  [["key", "environment"], ["value", "development"], ["created_at", "2022-03-11 18:42:51.835071"], ["updated_at", "2022-03-11 18:42:51.835071"]]
  ↳ bin/rails:9
  [1m[35m (0.5ms)[0m  [1m[35mCOMMIT[0m
  ↳ bin/rails:9
  [1m[35m (0.4ms)[0m  [1m[34mSELECT pg_advisory_unlock(723150122408807205)[0m
  ↳ bin/rails:9
  [1m[35m (0.3ms)[0m  [1m[34mSELECT "schema_migrations"."version" FROM "schema_migrations" ORDER BY "schema_migrations"."version" ASC[0m
  ↳ bin/rails:9
  [1m[35m (1.2ms)[0m  [1m[34mSELECT "schema_migrations"."version" FROM "schema_migrations" ORDER BY "schema_migrations"."version" ASC[0m
  ↳ bin/rails:9
  [1m[35m (1.3ms)[0m  [1m[34mSELECT "schema_migrations"."version" FROM "schema_migrations" ORDER BY "schema_migrations"."version" ASC[0m
  ↳ bin/rails:9
  [1m[36mCat Load (0.9ms)[0m  [1m[34mSELECT "cats".* FROM "cats"[0m
  ↳ db/seeds.rb:9
Started GET "/cats" for ::1 at 2022-03-11 14:13:08 -0500
  [1m[35m (1.3ms)[0m  [1m[34mSELECT "schema_migrations"."version" FROM "schema_migrations" ORDER BY "schema_migrations"."version" ASC[0m
  ↳ /Users/appacademystudent/.rbenv/versions/2.5.1/lib/ruby/gems/2.5.0/gems/activerecord-5.2.7/lib/active_record/log_subscriber.rb:98
Processing by CatsController#index as HTML
  Rendering cats/index.html.erb within layouts/application
  [1m[36mCat Load (2.0ms)[0m  [1m[34mSELECT "cats".* FROM "cats"[0m
  ↳ app/views/cats/index.html.erb:3
  Rendered cats/index.html.erb within layouts/application (23.4ms)
Completed 200 OK in 700ms (Views: 673.4ms | ActiveRecord: 6.1ms)


Started GET "/cats/1" for ::1 at 2022-03-11 14:13:42 -0500
Processing by CatsController#show as HTML
  Parameters: {"id"=>"1"}
Completed 500 Internal Server Error in 258ms (ActiveRecord: 0.0ms)


  
NameError (undefined local variable or method `cat' for #<CatsController:0x00007fa4e6f87568>
Did you mean?  catch):
  
app/controllers/cats_controller.rb:10:in `show'
Started GET "/cats/1" for ::1 at 2022-03-11 14:13:57 -0500
Processing by CatsController#show as HTML
  Parameters: {"id"=>"1"}
  [1m[36mCat Load (1.0ms)[0m  [1m[34mSELECT  "cats".* FROM "cats" WHERE "cats"."id" = $1 LIMIT $2[0m  [["id", 1], ["LIMIT", 1]]
  ↳ app/controllers/cats_controller.rb:10
Completed 404 Not Found in 33ms (ActiveRecord: 21.1ms)


  
ActiveRecord::RecordNotFound (Couldn't find Cat with 'id'=1):
  
app/controllers/cats_controller.rb:10:in `show'
Started GET "/cats" for ::1 at 2022-03-11 14:14:05 -0500
Processing by CatsController#index as HTML
  Rendering cats/index.html.erb within layouts/application
  [1m[36mCat Load (2.5ms)[0m  [1m[34mSELECT "cats".* FROM "cats"[0m
  ↳ app/views/cats/index.html.erb:3
  Rendered cats/index.html.erb within layouts/application (18.5ms)
Completed 200 OK in 107ms (Views: 103.8ms | ActiveRecord: 2.5ms)


  [1m[36mCat Load (1.1ms)[0m  [1m[34mSELECT "cats".* FROM "cats"[0m
  [1m[35m (1.1ms)[0m  [1m[34mSELECT "schema_migrations"."version" FROM "schema_migrations" ORDER BY "schema_migrations"."version" ASC[0m
  ↳ bin/rails:9
  [1m[36mCat Load (0.8ms)[0m  [1m[34mSELECT "cats".* FROM "cats"[0m
  ↳ db/seeds.rb:9
  [1m[35m (0.2ms)[0m  [1m[35mBEGIN[0m
  ↳ db/seeds.rb:11
  [1m[36mCat Create (1.2ms)[0m  [1m[32mINSERT INTO "cats" ("birth_date", "color", "name", "sex", "description", "created_at", "updated_at") VALUES ($1, $2, $3, $4, $5, $6, $7) RETURNING "id"[0m  [["birth_date", "2000-08-27"], ["color", "grey"], ["name", "jerry"], ["sex", "M"], ["description", "I am a mouse"], ["created_at", "2022-03-11 19:14:59.846677"], ["updated_at", "2022-03-11 19:14:59.846677"]]
  ↳ db/seeds.rb:11
  [1m[35m (1.9ms)[0m  [1m[35mCOMMIT[0m
  ↳ db/seeds.rb:11
  [1m[35m (0.1ms)[0m  [1m[35mBEGIN[0m
  ↳ db/seeds.rb:12
  [1m[36mCat Create (0.5ms)[0m  [1m[32mINSERT INTO "cats" ("birth_date", "color", "name", "sex", "description", "created_at", "updated_at") VALUES ($1, $2, $3, $4, $5, $6, $7) RETURNING "id"[0m  [["birth_date", "2009-08-27"], ["color", "orange"], ["name", "gargfield"], ["sex", "M"], ["description", "Eating lasagna"], ["created_at", "2022-03-11 19:14:59.852596"], ["updated_at", "2022-03-11 19:14:59.852596"]]
  ↳ db/seeds.rb:12
  [1m[35m (3.6ms)[0m  [1m[35mCOMMIT[0m
  ↳ db/seeds.rb:12
  [1m[35m (0.2ms)[0m  [1m[35mBEGIN[0m
  ↳ db/seeds.rb:13
  [1m[36mCat Create (0.5ms)[0m  [1m[32mINSERT INTO "cats" ("birth_date", "color", "name", "sex", "description", "created_at", "updated_at") VALUES ($1, $2, $3, $4, $5, $6, $7) RETURNING "id"[0m  [["birth_date", "1999-08-27"], ["color", "black"], ["name", "bro"], ["sex", "F"], ["description", "I am a bro"], ["created_at", "2022-03-11 19:14:59.858807"], ["updated_at", "2022-03-11 19:14:59.858807"]]
  ↳ db/seeds.rb:13
  [1m[35m (4.1ms)[0m  [1m[35mCOMMIT[0m
  ↳ db/seeds.rb:13
  [1m[35m (0.2ms)[0m  [1m[35mBEGIN[0m
  ↳ db/seeds.rb:14
  [1m[36mCat Create (0.5ms)[0m  [1m[32mINSERT INTO "cats" ("birth_date", "color", "name", "sex", "description", "created_at", "updated_at") VALUES ($1, $2, $3, $4, $5, $6, $7) RETURNING "id"[0m  [["birth_date", "1900-06-27"], ["color", "grey"], ["name", "mom"], ["sex", "F"], ["description", "I am a mom"], ["created_at", "2022-03-11 19:14:59.865521"], ["updated_at", "2022-03-11 19:14:59.865521"]]
  ↳ db/seeds.rb:14
  [1m[35m (3.5ms)[0m  [1m[35mCOMMIT[0m
  ↳ db/seeds.rb:14
Started GET "/cats" for ::1 at 2022-03-11 14:15:02 -0500
Processing by CatsController#index as HTML
  Rendering cats/index.html.erb within layouts/application
  [1m[36mCat Load (3.0ms)[0m  [1m[34mSELECT "cats".* FROM "cats"[0m
  ↳ app/views/cats/index.html.erb:3
  Rendered cats/_cat.html.erb (1.5ms)
  Rendered cats/_cat.html.erb (0.3ms)
  Rendered cats/_cat.html.erb (0.4ms)
  Rendered cats/_cat.html.erb (0.4ms)
  Rendered cats/index.html.erb within layouts/application (87.3ms)
Completed 200 OK in 145ms (Views: 140.6ms | ActiveRecord: 3.0ms)


Started GET "/cats/1" for ::1 at 2022-03-11 14:15:13 -0500
Processing by CatsController#show as HTML
  Parameters: {"id"=>"1"}
  [1m[36mCat Load (4.9ms)[0m  [1m[34mSELECT  "cats".* FROM "cats" WHERE "cats"."id" = $1 LIMIT $2[0m  [["id", 1], ["LIMIT", 1]]
  ↳ app/controllers/cats_controller.rb:10
  Rendering cats/show.html.erb within layouts/application
  Rendered cats/_cat.html.erb (2.1ms)
  Rendered cats/show.html.erb within layouts/application (11.1ms)
Completed 200 OK in 91ms (Views: 83.5ms | ActiveRecord: 4.9ms)


Started GET "/cats/2" for ::1 at 2022-03-11 14:15:19 -0500
Processing by CatsController#show as HTML
  Parameters: {"id"=>"2"}
  [1m[36mCat Load (2.2ms)[0m  [1m[34mSELECT  "cats".* FROM "cats" WHERE "cats"."id" = $1 LIMIT $2[0m  [["id", 2], ["LIMIT", 1]]
  ↳ app/controllers/cats_controller.rb:10
  Rendering cats/show.html.erb within layouts/application
  Rendered cats/_cat.html.erb (3.4ms)
  Rendered cats/show.html.erb within layouts/application (11.5ms)
Completed 200 OK in 106ms (Views: 101.3ms | ActiveRecord: 2.2ms)


Started GET "/cats/4" for ::1 at 2022-03-11 14:15:23 -0500
Processing by CatsController#show as HTML
  Parameters: {"id"=>"4"}
  [1m[36mCat Load (2.1ms)[0m  [1m[34mSELECT  "cats".* FROM "cats" WHERE "cats"."id" = $1 LIMIT $2[0m  [["id", 4], ["LIMIT", 1]]
  ↳ app/controllers/cats_controller.rb:10
  Rendering cats/show.html.erb within layouts/application
  Rendered cats/_cat.html.erb (1.5ms)
  Rendered cats/show.html.erb within layouts/application (9.9ms)
Completed 200 OK in 89ms (Views: 85.0ms | ActiveRecord: 2.1ms)


Started GET "/cats/4" for ::1 at 2022-03-11 14:17:37 -0500
Processing by CatsController#show as HTML
  Parameters: {"id"=>"4"}
  [1m[36mCat Load (4.7ms)[0m  [1m[34mSELECT  "cats".* FROM "cats" WHERE "cats"."id" = $1 LIMIT $2[0m  [["id", 4], ["LIMIT", 1]]
  ↳ app/controllers/cats_controller.rb:10
  Rendering cats/show.html.erb within layouts/application
  Rendered cats/_cat.html.erb (3.4ms)
  Rendered cats/show.html.erb within layouts/application (9.2ms)
Completed 200 OK in 51ms (Views: 44.6ms | ActiveRecord: 4.7ms)


Started GET "/cats/4" for ::1 at 2022-03-11 14:18:54 -0500
Processing by CatsController#show as HTML
  Parameters: {"id"=>"4"}
  [1m[36mCat Load (1.8ms)[0m  [1m[34mSELECT  "cats".* FROM "cats" WHERE "cats"."id" = $1 LIMIT $2[0m  [["id", 4], ["LIMIT", 1]]
  ↳ app/controllers/cats_controller.rb:10
  Rendering cats/show.html.erb within layouts/application
  Rendered cats/_cat.html.erb (1.8ms)
  Rendered cats/show.html.erb within layouts/application (12.2ms)
Completed 200 OK in 82ms (Views: 77.7ms | ActiveRecord: 1.8ms)


Started GET "/cats/4" for ::1 at 2022-03-11 14:19:20 -0500
Processing by CatsController#show as HTML
  Parameters: {"id"=>"4"}
  [1m[36mCat Load (1.9ms)[0m  [1m[34mSELECT  "cats".* FROM "cats" WHERE "cats"."id" = $1 LIMIT $2[0m  [["id", 4], ["LIMIT", 1]]
  ↳ app/controllers/cats_controller.rb:10
  Rendering cats/show.html.erb within layouts/application
  Rendered cats/_cat.html.erb (1.6ms)
  Rendered cats/show.html.erb within layouts/application (31.0ms)
Completed 200 OK in 103ms (Views: 97.2ms | ActiveRecord: 1.9ms)


Started GET "/cats" for ::1 at 2022-03-11 14:19:25 -0500
Processing by CatsController#index as HTML
  Rendering cats/index.html.erb within layouts/application
  [1m[36mCat Load (2.0ms)[0m  [1m[34mSELECT "cats".* FROM "cats"[0m
  ↳ app/views/cats/index.html.erb:3
  Rendered cats/_cat.html.erb (1.6ms)
  Rendered cats/_cat.html.erb (0.5ms)
  Rendered cats/_cat.html.erb (0.7ms)
  Rendered cats/_cat.html.erb (0.7ms)
  Rendered cats/index.html.erb within layouts/application (43.1ms)
Completed 200 OK in 113ms (Views: 110.0ms | ActiveRecord: 2.0ms)


Started GET "/cats" for ::1 at 2022-03-11 14:19:44 -0500
Processing by CatsController#index as HTML
  Rendering cats/index.html.erb within layouts/application
  [1m[36mCat Load (4.2ms)[0m  [1m[34mSELECT "cats".* FROM "cats"[0m
  ↳ app/views/cats/index.html.erb:3
  Rendered cats/_cat.html.erb (1.4ms)
  Rendered cats/_cat.html.erb (0.3ms)
  Rendered cats/_cat.html.erb (1.1ms)
  Rendered cats/_cat.html.erb (0.6ms)
  Rendered cats/index.html.erb within layouts/application (45.7ms)
Completed 200 OK in 104ms (Views: 98.4ms | ActiveRecord: 4.2ms)


Started GET "/cats" for ::1 at 2022-03-11 14:20:02 -0500
Processing by CatsController#index as HTML
  Rendering cats/index.html.erb within layouts/application
  [1m[36mCat Load (2.7ms)[0m  [1m[34mSELECT "cats".* FROM "cats"[0m
  ↳ app/views/cats/index.html.erb:3
  Rendered cats/_cat.html.erb (2.0ms)
  Rendered cats/_cat.html.erb (2.2ms)
  Rendered cats/_cat.html.erb (0.4ms)
  Rendered cats/_cat.html.erb (0.3ms)
  Rendered cats/index.html.erb within layouts/application (35.2ms)
Completed 200 OK in 95ms (Views: 90.9ms | ActiveRecord: 2.7ms)


Started GET "/cats" for ::1 at 2022-03-11 14:20:46 -0500
Processing by CatsController#index as HTML
  Rendering cats/index.html.erb within layouts/application
  [1m[36mCat Load (1.9ms)[0m  [1m[34mSELECT "cats".* FROM "cats"[0m
  ↳ app/views/cats/index.html.erb:3
  Rendered cats/_cat.html.erb (0.9ms)
  Rendered cats/_cat.html.erb (0.5ms)
  Rendered cats/_cat.html.erb (0.5ms)
  Rendered cats/_cat.html.erb (0.5ms)
  Rendered cats/index.html.erb within layouts/application (44.9ms)
Completed 200 OK in 103ms (Views: 100.0ms | ActiveRecord: 1.9ms)


Started GET "/cats" for ::1 at 2022-03-11 14:20:47 -0500
Processing by CatsController#index as HTML
  Rendering cats/index.html.erb within layouts/application
  [1m[36mCat Load (2.4ms)[0m  [1m[34mSELECT "cats".* FROM "cats"[0m
  ↳ app/views/cats/index.html.erb:3
  Rendered cats/_cat.html.erb (1.7ms)
  Rendered cats/_cat.html.erb (0.3ms)
  Rendered cats/_cat.html.erb (0.3ms)
  Rendered cats/_cat.html.erb (0.7ms)
  Rendered cats/index.html.erb within layouts/application (31.6ms)
Completed 200 OK in 84ms (Views: 80.2ms | ActiveRecord: 2.4ms)


Started GET "/cats" for ::1 at 2022-03-11 14:20:48 -0500
Processing by CatsController#index as HTML
  Rendering cats/index.html.erb within layouts/application
  [1m[36mCat Load (3.6ms)[0m  [1m[34mSELECT "cats".* FROM "cats"[0m
  ↳ app/views/cats/index.html.erb:3
  Rendered cats/_cat.html.erb (1.4ms)
  Rendered cats/_cat.html.erb (0.4ms)
  Rendered cats/_cat.html.erb (5.7ms)
  Rendered cats/_cat.html.erb (0.3ms)
  Rendered cats/index.html.erb within layouts/application (57.8ms)
Completed 200 OK in 126ms (Views: 121.3ms | ActiveRecord: 3.6ms)


Started GET "/cats" for ::1 at 2022-03-11 14:21:26 -0500
Processing by CatsController#index as HTML
  Rendering cats/index.html.erb within layouts/application
  [1m[36mCat Load (5.4ms)[0m  [1m[34mSELECT "cats".* FROM "cats"[0m
  ↳ app/views/cats/index.html.erb:3
  Rendered cats/_cat.html.erb (1.9ms)
  Rendered cats/_cat.html.erb (0.5ms)
  Rendered cats/_cat.html.erb (0.6ms)
  Rendered cats/_cat.html.erb (0.4ms)
  Rendered cats/index.html.erb within layouts/application (47.8ms)
Completed 200 OK in 125ms (Views: 118.9ms | ActiveRecord: 5.4ms)


Started GET "/cats" for ::1 at 2022-03-11 14:21:35 -0500
Processing by CatsController#index as HTML
  Rendering cats/index.html.erb within layouts/application
  [1m[36mCat Load (0.8ms)[0m  [1m[34mSELECT "cats".* FROM "cats"[0m
  ↳ app/views/cats/index.html.erb:1
  Rendered cats/_cat.html.erb (1.2ms)
  Rendered cats/_cat.html.erb (0.4ms)
  Rendered cats/_cat.html.erb (0.6ms)
  Rendered cats/_cat.html.erb (0.4ms)
  Rendered cats/index.html.erb within layouts/application (31.1ms)
Completed 200 OK in 94ms (Views: 92.5ms | ActiveRecord: 0.8ms)


Started GET "/cats/1" for ::1 at 2022-03-11 14:21:39 -0500
Processing by CatsController#show as HTML
  Parameters: {"id"=>"1"}
  [1m[36mCat Load (1.9ms)[0m  [1m[34mSELECT  "cats".* FROM "cats" WHERE "cats"."id" = $1 LIMIT $2[0m  [["id", 1], ["LIMIT", 1]]
  ↳ app/controllers/cats_controller.rb:10
  Rendering cats/show.html.erb within layouts/application
  Rendered cats/_cat.html.erb (2.1ms)
  Rendered cats/show.html.erb within layouts/application (6.7ms)
Completed 200 OK in 66ms (Views: 61.2ms | ActiveRecord: 1.9ms)


Started GET "/cats" for ::1 at 2022-03-11 14:21:41 -0500
Processing by CatsController#index as HTML
  Rendering cats/index.html.erb within layouts/application
  [1m[36mCat Load (1.1ms)[0m  [1m[34mSELECT "cats".* FROM "cats"[0m
  ↳ app/views/cats/index.html.erb:1
  Rendered cats/_cat.html.erb (1.5ms)
  Rendered cats/_cat.html.erb (0.3ms)
  Rendered cats/_cat.html.erb (0.3ms)
  Rendered cats/_cat.html.erb (0.5ms)
  Rendered cats/index.html.erb within layouts/application (25.0ms)
Completed 200 OK in 75ms (Views: 72.9ms | ActiveRecord: 1.1ms)


Started GET "/cats/4" for ::1 at 2022-03-11 14:21:42 -0500
Processing by CatsController#show as HTML
  Parameters: {"id"=>"4"}
  [1m[36mCat Load (2.1ms)[0m  [1m[34mSELECT  "cats".* FROM "cats" WHERE "cats"."id" = $1 LIMIT $2[0m  [["id", 4], ["LIMIT", 1]]
  ↳ app/controllers/cats_controller.rb:10
  Rendering cats/show.html.erb within layouts/application
  Rendered cats/_cat.html.erb (1.5ms)
  Rendered cats/show.html.erb within layouts/application (8.9ms)
Completed 200 OK in 62ms (Views: 56.1ms | ActiveRecord: 2.1ms)


Started GET "/cats" for ::1 at 2022-03-11 14:21:43 -0500
Processing by CatsController#index as HTML
  Rendering cats/index.html.erb within layouts/application
  [1m[36mCat Load (1.6ms)[0m  [1m[34mSELECT "cats".* FROM "cats"[0m
  ↳ app/views/cats/index.html.erb:1
  Rendered cats/_cat.html.erb (2.6ms)
  Rendered cats/_cat.html.erb (0.8ms)
  Rendered cats/_cat.html.erb (0.4ms)
  Rendered cats/_cat.html.erb (0.3ms)
  Rendered cats/index.html.erb within layouts/application (37.2ms)
Completed 200 OK in 93ms (Views: 91.2ms | ActiveRecord: 1.6ms)


Started GET "/cats/2" for ::1 at 2022-03-11 14:21:44 -0500
Processing by CatsController#show as HTML
  Parameters: {"id"=>"2"}
  [1m[36mCat Load (2.2ms)[0m  [1m[34mSELECT  "cats".* FROM "cats" WHERE "cats"."id" = $1 LIMIT $2[0m  [["id", 2], ["LIMIT", 1]]
  ↳ app/controllers/cats_controller.rb:10
  Rendering cats/show.html.erb within layouts/application
  Rendered cats/_cat.html.erb (1.1ms)
  Rendered cats/show.html.erb within layouts/application (8.7ms)
Completed 200 OK in 77ms (Views: 72.3ms | ActiveRecord: 2.2ms)


Started GET "/cats" for ::1 at 2022-03-11 14:21:46 -0500
Processing by CatsController#index as HTML
  Rendering cats/index.html.erb within layouts/application
  [1m[36mCat Load (1.7ms)[0m  [1m[34mSELECT "cats".* FROM "cats"[0m
  ↳ app/views/cats/index.html.erb:1
  Rendered cats/_cat.html.erb (2.7ms)
  Rendered cats/_cat.html.erb (0.8ms)
  Rendered cats/_cat.html.erb (0.5ms)
  Rendered cats/_cat.html.erb (0.6ms)
  Rendered cats/index.html.erb within layouts/application (33.5ms)
Completed 200 OK in 85ms (Views: 82.1ms | ActiveRecord: 1.7ms)


